# JRE version: Java(TM) SE Runtime Environment (8.0_92-b14) (build 1.8.0_92-b14)
# Java VM: Java HotSpot(TM) Client VM (25.92-b14 mixed mode windows-x86 )
Heap:
 def new generation   total 39424K, used 11899K [0x04800000, 0x072c0000, 0x0f2a0000)
  eden space 35072K,  30% used [0x04800000, 0x052700c0, 0x06a40000)
  from space 4352K,  27% used [0x06a40000, 0x06b6ebd0, 0x06e80000)
  to   space 4352K,   0% used [0x06e80000, 0x06e80000, 0x072c0000)
 tenured generation   total 87424K, used 26637K [0x0f2a0000, 0x14800000, 0x24800000)
   the space 87424K,  30% used [0x0f2a0000, 0x10ca35d0, 0x10ca3600, 0x14800000)
 Metaspace       used 19535K, capacity 20028K, committed 20096K, reserved 20864K
GC Heap History (10 events):
Event: 4451.835 GC heap before
{Heap before GC invocations=6 (full 1):
 def new generation   total 39424K, used 36201K [0x04800000, 0x072c0000, 0x0f2a0000)
  eden space 35072K, 100% used [0x04800000, 0x06a40000, 0x06a40000)
  from space 4352K,  25% used [0x06e80000, 0x06f9a568, 0x072c0000)
  to   space 4352K,   0% used [0x06a40000, 0x06a40000, 0x06e80000)
 tenured generation   total 87424K, used 26637K [0x0f2a0000, 0x14800000, 0x24800000)
   the space 87424K,  30% used [0x0f2a0000, 0x10ca35d0, 0x10ca3600, 0x14800000)
 Metaspace       used 19465K, capacity 19962K, committed 20096K, reserved 20864K
Event: 4451.840 GC heap after
Heap after GC invocations=7 (full 1):
 def new generation   total 39424K, used 1210K [0x04800000, 0x072c0000, 0x0f2a0000)
  eden space 35072K,   0% used [0x04800000, 0x04800000, 0x06a40000)
  from space 4352K,  27% used [0x06a40000, 0x06b6eb80, 0x06e80000)
  to   space 4352K,   0% used [0x06e80000, 0x06e80000, 0x072c0000)
 tenured generation   total 87424K, used 26637K [0x0f2a0000, 0x14800000, 0x24800000)
   the space 87424K,  30% used [0x0f2a0000, 0x10ca35d0, 0x10ca3600, 0x14800000)
 Metaspace       used 19465K, capacity 19962K, committed 20096K, reserved 20864K
}
Event: 6356.081 GC heap before
{Heap before GC invocations=7 (full 1):
 def new generation   total 39424K, used 36282K [0x04800000, 0x072c0000, 0x0f2a0000)
  eden space 35072K, 100% used [0x04800000, 0x06a40000, 0x06a40000)
  from space 4352K,  27% used [0x06a40000, 0x06b6eb80, 0x06e80000)
  to   space 4352K,   0% used [0x06e80000, 0x06e80000, 0x072c0000)
 tenured generation   total 87424K, used 26637K [0x0f2a0000, 0x14800000, 0x24800000)
   the space 87424K,  30% used [0x0f2a0000, 0x10ca35d0, 0x10ca3600, 0x14800000)
 Metaspace       used 19535K, capacity 20028K, committed 20096K, reserved 20864K
Event: 6356.090 GC heap after
Heap after GC invocations=8 (full 1):
 def new generation   total 39424K, used 1578K [0x04800000, 0x072c0000, 0x0f2a0000)
  eden space 35072K,   0% used [0x04800000, 0x04800000, 0x06a40000)
  from space 4352K,  36% used [0x06e80000, 0x0700a9b0, 0x072c0000)
  to   space 4352K,   0% used [0x06a40000, 0x06a40000, 0x06e80000)
 tenured generation   total 87424K, used 26637K [0x0f2a0000, 0x14800000, 0x24800000)
   the space 87424K,  30% used [0x0f2a0000, 0x10ca35d0, 0x10ca3600, 0x14800000)
 Metaspace       used 19535K, capacity 20028K, committed 20096K, reserved 20864K
}
Event: 8943.995 GC heap before
{Heap before GC invocations=8 (full 1):
 def new generation   total 39424K, used 36650K [0x04800000, 0x072c0000, 0x0f2a0000)
  eden space 35072K, 100% used [0x04800000, 0x06a40000, 0x06a40000)
  from space 4352K,  36% used [0x06e80000, 0x0700a9b0, 0x072c0000)
  to   space 4352K,   0% used [0x06a40000, 0x06a40000, 0x06e80000)
 tenured generation   total 87424K, used 26637K [0x0f2a0000, 0x14800000, 0x24800000)
   the space 87424K,  30% used [0x0f2a0000, 0x10ca35d0, 0x10ca3600, 0x14800000)
 Metaspace       used 19535K, capacity 20028K, committed 20096K, reserved 20864K
Event: 8943.999 GC heap after
Heap after GC invocations=9 (full 1):
 def new generation   total 39424K, used 1210K [0x04800000, 0x072c0000, 0x0f2a0000)
  eden space 35072K,   0% used [0x04800000, 0x04800000, 0x06a40000)
  from space 4352K,  27% used [0x06a40000, 0x06b6eb48, 0x06e80000)
  to   space 4352K,   0% used [0x06e80000, 0x06e80000, 0x072c0000)
 tenured generation   total 87424K, used 26637K [0x0f2a0000, 0x14800000, 0x24800000)
   the space 87424K,  30% used [0x0f2a0000, 0x10ca35d0, 0x10ca3600, 0x14800000)
 Metaspace       used 19535K, capacity 20028K, committed 20096K, reserved 20864K
}
Event: 12068.829 GC heap before
{Heap before GC invocations=9 (full 1):
 def new generation   total 39424K, used 36282K [0x04800000, 0x072c0000, 0x0f2a0000)
  eden space 35072K, 100% used [0x04800000, 0x06a40000, 0x06a40000)
  from space 4352K,  27% used [0x06a40000, 0x06b6eb48, 0x06e80000)
  to   space 4352K,   0% used [0x06e80000, 0x06e80000, 0x072c0000)
 tenured generation   total 87424K, used 26637K [0x0f2a0000, 0x14800000, 0x24800000)
   the space 87424K,  30% used [0x0f2a0000, 0x10ca35d0, 0x10ca3600, 0x14800000)
 Metaspace       used 19535K, capacity 20028K, committed 20096K, reserved 20864K
Event: 12068.839 GC heap after
Heap after GC invocations=10 (full 1):
 def new generation   total 39424K, used 1210K [0x04800000, 0x072c0000, 0x0f2a0000)
  eden space 35072K,   0% used [0x04800000, 0x04800000, 0x06a40000)
  from space 4352K,  27% used [0x06e80000, 0x06fae9a0, 0x072c0000)
  to   space 4352K,   0% used [0x06a40000, 0x06a40000, 0x06e80000)
 tenured generation   total 87424K, used 26637K [0x0f2a0000, 0x14800000, 0x24800000)
   the space 87424K,  30% used [0x0f2a0000, 0x10ca35d0, 0x10ca3600, 0x14800000)
 Metaspace       used 19535K, capacity 20028K, committed 20096K, reserved 20864K
}
Event: 14779.835 GC heap before
{Heap before GC invocations=10 (full 1):
 def new generation   total 39424K, used 36282K [0x04800000, 0x072c0000, 0x0f2a0000)
  eden space 35072K, 100% used [0x04800000, 0x06a40000, 0x06a40000)
  from space 4352K,  27% used [0x06e80000, 0x06fae9a0, 0x072c0000)
  to   space 4352K,   0% used [0x06a40000, 0x06a40000, 0x06e80000)
 tenured generation   total 87424K, used 26637K [0x0f2a0000, 0x14800000, 0x24800000)
   the space 87424K,  30% used [0x0f2a0000, 0x10ca35d0, 0x10ca3600, 0x14800000)
 Metaspace       used 19535K, capacity 20028K, committed 20096K, reserved 20864K
Event: 14779.874 GC heap after
Heap after GC invocations=11 (full 1):
 def new generation   total 39424K, used 1210K [0x04800000, 0x072c0000, 0x0f2a0000)
  eden space 35072K,   0% used [0x04800000, 0x04800000, 0x06a40000)
  from space 4352K,  27% used [0x06a40000, 0x06b6ebd0, 0x06e80000)
  to   space 4352K,   0% used [0x06e80000, 0x06e80000, 0x072c0000)
 tenured generation   total 87424K, used 26637K [0x0f2a0000, 0x14800000, 0x24800000)
   the space 87424K,  30% used [0x0f2a0000, 0x10ca35d0, 0x10ca3600, 0x14800000)
 Metaspace       used 19535K, capacity 20028K, committed 20096K, reserved 20864K
}

