# JRE version: Java(TM) SE Runtime Environment (8.0_92-b14) (build 1.8.0_92-b14)
# Java VM: Java HotSpot(TM) Client VM (25.92-b14 mixed mode windows-x86 )
Heap:
 def new generation   total 39424K, used 34350K [0x04a00000, 0x074c0000, 0x0f4a0000)
  eden space 35072K,  93% used [0x04a00000, 0x069feec0, 0x06c40000)
  from space 4352K,  36% used [0x06c40000, 0x06dccc98, 0x07080000)
  to   space 4352K,   0% used [0x07080000, 0x07080000, 0x074c0000)
 tenured generation   total 87424K, used 36999K [0x0f4a0000, 0x14a00000, 0x24a00000)
   the space 87424K,  42% used [0x0f4a0000, 0x118c1c08, 0x118c1e00, 0x14a00000)
 Metaspace       used 20143K, capacity 20601K, committed 20864K, reserved 20864K
GC Heap History (10 events):
Event: 1133.760 GC heap before
{Heap before GC invocations=25 (full 2):
 def new generation   total 39424K, used 35401K [0x04a00000, 0x074c0000, 0x0f4a0000)
  eden space 35072K, 100% used [0x04a00000, 0x06c40000, 0x06c40000)
  from space 4352K,   7% used [0x07080000, 0x070d2668, 0x074c0000)
  to   space 4352K,   0% used [0x06c40000, 0x06c40000, 0x07080000)
 tenured generation   total 87424K, used 36999K [0x0f4a0000, 0x14a00000, 0x24a00000)
   the space 87424K,  42% used [0x0f4a0000, 0x118c1c08, 0x118c1e00, 0x14a00000)
 Metaspace       used 20065K, capacity 20537K, committed 20864K, reserved 20864K
Event: 1133.763 GC heap after
Heap after GC invocations=26 (full 2):
 def new generation   total 39424K, used 616K [0x04a00000, 0x074c0000, 0x0f4a0000)
  eden space 35072K,   0% used [0x04a00000, 0x04a00000, 0x06c40000)
  from space 4352K,  14% used [0x06c40000, 0x06cda1b8, 0x07080000)
  to   space 4352K,   0% used [0x07080000, 0x07080000, 0x074c0000)
 tenured generation   total 87424K, used 36999K [0x0f4a0000, 0x14a00000, 0x24a00000)
   the space 87424K,  42% used [0x0f4a0000, 0x118c1c08, 0x118c1e00, 0x14a00000)
 Metaspace       used 20065K, capacity 20537K, committed 20864K, reserved 20864K
}
Event: 1368.102 GC heap before
{Heap before GC invocations=26 (full 2):
 def new generation   total 39424K, used 35688K [0x04a00000, 0x074c0000, 0x0f4a0000)
  eden space 35072K, 100% used [0x04a00000, 0x06c40000, 0x06c40000)
  from space 4352K,  14% used [0x06c40000, 0x06cda1b8, 0x07080000)
  to   space 4352K,   0% used [0x07080000, 0x07080000, 0x074c0000)
 tenured generation   total 87424K, used 36999K [0x0f4a0000, 0x14a00000, 0x24a00000)
   the space 87424K,  42% used [0x0f4a0000, 0x118c1c08, 0x118c1e00, 0x14a00000)
 Metaspace       used 20067K, capacity 20537K, committed 20864K, reserved 20864K
Event: 1368.106 GC heap after
Heap after GC invocations=27 (full 2):
 def new generation   total 39424K, used 1062K [0x04a00000, 0x074c0000, 0x0f4a0000)
  eden space 35072K,   0% used [0x04a00000, 0x04a00000, 0x06c40000)
  from space 4352K,  24% used [0x07080000, 0x07189b28, 0x074c0000)
  to   space 4352K,   0% used [0x06c40000, 0x06c40000, 0x07080000)
 tenured generation   total 87424K, used 36999K [0x0f4a0000, 0x14a00000, 0x24a00000)
   the space 87424K,  42% used [0x0f4a0000, 0x118c1c08, 0x118c1e00, 0x14a00000)
 Metaspace       used 20067K, capacity 20537K, committed 20864K, reserved 20864K
}
Event: 1540.169 GC heap before
{Heap before GC invocations=27 (full 2):
 def new generation   total 39424K, used 36134K [0x04a00000, 0x074c0000, 0x0f4a0000)
  eden space 35072K, 100% used [0x04a00000, 0x06c40000, 0x06c40000)
  from space 4352K,  24% used [0x07080000, 0x07189b28, 0x074c0000)
  to   space 4352K,   0% used [0x06c40000, 0x06c40000, 0x07080000)
 tenured generation   total 87424K, used 36999K [0x0f4a0000, 0x14a00000, 0x24a00000)
   the space 87424K,  42% used [0x0f4a0000, 0x118c1c08, 0x118c1e00, 0x14a00000)
 Metaspace       used 20067K, capacity 20537K, committed 20864K, reserved 20864K
Event: 1540.170 GC heap after
Heap after GC invocations=28 (full 2):
 def new generation   total 39424K, used 1079K [0x04a00000, 0x074c0000, 0x0f4a0000)
  eden space 35072K,   0% used [0x04a00000, 0x04a00000, 0x06c40000)
  from space 4352K,  24% used [0x06c40000, 0x06d4dd28, 0x07080000)
  to   space 4352K,   0% used [0x07080000, 0x07080000, 0x074c0000)
 tenured generation   total 87424K, used 36999K [0x0f4a0000, 0x14a00000, 0x24a00000)
   the space 87424K,  42% used [0x0f4a0000, 0x118c1c08, 0x118c1e00, 0x14a00000)
 Metaspace       used 20067K, capacity 20537K, committed 20864K, reserved 20864K
}
Event: 1806.249 GC heap before
{Heap before GC invocations=28 (full 2):
 def new generation   total 39424K, used 36151K [0x04a00000, 0x074c0000, 0x0f4a0000)
  eden space 35072K, 100% used [0x04a00000, 0x06c40000, 0x06c40000)
  from space 4352K,  24% used [0x06c40000, 0x06d4dd28, 0x07080000)
  to   space 4352K,   0% used [0x07080000, 0x07080000, 0x074c0000)
 tenured generation   total 87424K, used 36999K [0x0f4a0000, 0x14a00000, 0x24a00000)
   the space 87424K,  42% used [0x0f4a0000, 0x118c1c08, 0x118c1e00, 0x14a00000)
 Metaspace       used 20135K, capacity 20601K, committed 20864K, reserved 20864K
Event: 1806.252 GC heap after
Heap after GC invocations=29 (full 2):
 def new generation   total 39424K, used 1255K [0x04a00000, 0x074c0000, 0x0f4a0000)
  eden space 35072K,   0% used [0x04a00000, 0x04a00000, 0x06c40000)
  from space 4352K,  28% used [0x07080000, 0x071b9c38, 0x074c0000)
  to   space 4352K,   0% used [0x06c40000, 0x06c40000, 0x07080000)
 tenured generation   total 87424K, used 36999K [0x0f4a0000, 0x14a00000, 0x24a00000)
   the space 87424K,  42% used [0x0f4a0000, 0x118c1c08, 0x118c1e00, 0x14a00000)
 Metaspace       used 20135K, capacity 20601K, committed 20864K, reserved 20864K
}
Event: 2074.645 GC heap before
{Heap before GC invocations=29 (full 2):
 def new generation   total 39424K, used 36327K [0x04a00000, 0x074c0000, 0x0f4a0000)
  eden space 35072K, 100% used [0x04a00000, 0x06c40000, 0x06c40000)
  from space 4352K,  28% used [0x07080000, 0x071b9c38, 0x074c0000)
  to   space 4352K,   0% used [0x06c40000, 0x06c40000, 0x07080000)
 tenured generation   total 87424K, used 36999K [0x0f4a0000, 0x14a00000, 0x24a00000)
   the space 87424K,  42% used [0x0f4a0000, 0x118c1c08, 0x118c1e00, 0x14a00000)
 Metaspace       used 20135K, capacity 20601K, committed 20864K, reserved 20864K
Event: 2074.648 GC heap after
Heap after GC invocations=30 (full 2):
 def new generation   total 39424K, used 1587K [0x04a00000, 0x074c0000, 0x0f4a0000)
  eden space 35072K,   0% used [0x04a00000, 0x04a00000, 0x06c40000)
  from space 4352K,  36% used [0x06c40000, 0x06dccc98, 0x07080000)
  to   space 4352K,   0% used [0x07080000, 0x07080000, 0x074c0000)
 tenured generation   total 87424K, used 36999K [0x0f4a0000, 0x14a00000, 0x24a00000)
   the space 87424K,  42% used [0x0f4a0000, 0x118c1c08, 0x118c1e00, 0x14a00000)
 Metaspace       used 20135K, capacity 20601K, committed 20864K, reserved 20864K
}

